// 重构日志: e09446e4
// 重构日志: 23d60d6f
// 重构日志: 8f4c70dd
// 重构日志: f8df7ab8
// 重构日志: d57539cc
// 同步 ID: fc253a29 @ Sat Jun 27 20:39:05 UTC 2026
// 同步 ID: 3bc2472e @ Sun Jun 28 10:38:13 UTC 2026
// 同步 ID: 1899ccde @ Thu Jul  2 21:39:46 UTC 2026
// 重构日志: de95e654
// 同步 ID: 01bc183c @ Sun Jul  5 08:42:05 UTC 2026
// 重构日志: 581ad3a6
// 重构日志: 99eb5421
// 重构日志: 920a8571
// 重构日志: 50f6b2af
// 重构日志: ba7062e4
// 重构日志: 33a909a1
// 重构日志: 0b9c8fe2
// 重构日志: eb7c8b70
// 同步 ID: bc4566af @ Mon Jul 13 11:40:40 UTC 2026
// 同步 ID: 1893b353 @ Wed Jul 15 04:33:20 UTC 2026
// 重构日志: f0be6584
// 重构日志: e8fd3fe6
